<?xml version="1.0" encoding="utf-8"?><testsuites name="pytest tests"><testsuite name="pytest" errors="0" failures="0" skipped="0" tests="5" time="20.442" timestamp="2026-07-24T08:42:33.522548+00:00" hostname="agent-env-e165e870-532d-4a19-82bd-bd80681d8488"><testcase classname="tests.test_analyst_feedback_kb" name="test_meaningful_edit_ingests_into_kb" time="11.253" /><testcase classname="tests.test_analyst_feedback_kb" name="test_trivial_edit_does_not_ingest" time="3.231" /><testcase classname="tests.test_analyst_feedback_kb" name="test_close_without_edit_increments_confirmations" time="2.690" /><testcase classname="tests.test_analyst_feedback_kb" name="test_approve_via_action_increments_confirmations" time="2.648" /><testcase classname="tests.test_analyst_feedback_kb" name="test_edit_then_close_does_not_confirm" time="0.575" /></testsuite></testsuites>