<?xml version="1.0" encoding="utf-8"?><testsuites name="pytest tests"><testsuite name="pytest" errors="0" failures="0" skipped="0" tests="4" time="249.251" timestamp="2026-09-07T21:06:29.057828+00:00" hostname="agent-env-2114d271-5f81-4e58-ba2b-ed4528629e49"><testcase classname="tests.test_iteration_15" name="test_00316_outbound_llm_run1" time="70.461" /><testcase classname="tests.test_iteration_15" name="test_00316_outbound_llm_run2" time="69.716" /><testcase classname="tests.test_iteration_15" name="test_00317_inbound_no_kb" time="0.251" /><testcase classname="tests.test_iteration_15" name="test_powershell_kb_and_llm" time="108.468" /></testsuite></testsuites>