<?xml version="1.0" encoding="utf-8"?><testsuites name="pytest tests"><testsuite name="pytest" errors="0" failures="0" skipped="0" tests="4" time="20.329" timestamp="2026-09-07T10:13:03.274675+00:00" hostname="agent-env-fb32148b-626d-466d-b3ca-ad128f0a9f94"><testcase classname="tests.test_iteration_11" name="test_settings_analysis_mode_roundtrip" time="1.206" /><testcase classname="tests.test_iteration_11" name="test_kb_manual_add_all_tenants" time="5.915" /><testcase classname="tests.test_iteration_11" name="test_kb_mode_investigate" time="0.731" /><testcase classname="tests.test_iteration_11" name="test_llm_mode_investigate_fast_then_poll" time="12.421" /></testsuite></testsuites>