<?xml version="1.0" encoding="utf-8"?><testsuites name="pytest tests"><testsuite name="pytest" errors="0" failures="0" skipped="0" tests="4" time="11.323" timestamp="2026-09-08T12:47:58.673898+00:00" hostname="agent-env-2114d271-5f81-4e58-ba2b-ed4528629e49"><testcase classname="tests.test_iteration_19" name="test_login_failure_analysis" time="7.462" /><testcase classname="tests.test_iteration_19" name="test_cti_regression" time="1.692" /><testcase classname="tests.test_iteration_19" name="test_uc508_regression" time="0.923" /><testcase classname="tests.test_iteration_19" name="test_proxy_regression" time="0.895" /></testsuite></testsuites>