<?xml version="1.0" encoding="utf-8"?><testsuites name="pytest tests"><testsuite name="pytest" errors="0" failures="0" skipped="0" tests="3" time="46.629" timestamp="2026-09-07T19:41:30.508251+00:00" hostname="agent-env-2114d271-5f81-4e58-ba2b-ed4528629e49"><testcase classname="tests.test_iteration_12" name="test_kb_present" time="0.946" /><testcase classname="tests.test_iteration_12" name="test_powershell_offense_llm_report" time="44.826" /><testcase classname="tests.test_iteration_12" name="test_kb_adaptation_in_analysis" time="0.539" /></testsuite></testsuites>