<?xml version="1.0" encoding="utf-8"?><testsuites name="pytest tests"><testsuite name="pytest" errors="0" failures="0" skipped="0" tests="3" time="15.560" timestamp="2026-09-09T04:50:23.728016+00:00" hostname="agent-env-2114d271-5f81-4e58-ba2b-ed4528629e49"><testcase classname="tests.test_iteration_20" name="test_uc508_multiline_analysis" time="9.543" /><testcase classname="tests.test_iteration_20" name="test_login_failure_regression" time="0.968" /><testcase classname="tests.test_iteration_20" name="test_cti_regression" time="4.712" /></testsuite></testsuites>