<?xml version="1.0" encoding="utf-8"?><testsuites name="pytest tests"><testsuite name="pytest" errors="0" failures="1" skipped="0" tests="4" time="155.376" timestamp="2026-09-07T20:51:32.025873+00:00" hostname="agent-env-2114d271-5f81-4e58-ba2b-ed4528629e49"><testcase classname="tests.test_iteration_14" name="test_00316_outbound_kb_template_immediate" time="7.386" /><testcase classname="tests.test_iteration_14" name="test_00316_outbound_llm_completes_clean" time="45.135"><failure message="AssertionError: llm_grounded_bullets(inferred)=1&#10;assert 1 &gt;= 2">tests/test_iteration_14.py:149: in test_00316_outbound_llm_completes_clean
    assert grounded_total &gt;= 2, f"llm_grounded_bullets(inferred)={grounded_total}"
E   AssertionError: llm_grounded_bullets(inferred)=1
E   assert 1 &gt;= 2</failure></testcase><testcase classname="tests.test_iteration_14" name="test_00317_inbound_does_not_match_outbound_kb" time="1.085" /><testcase classname="tests.test_iteration_14" name="test_powershell_kb_and_llm" time="101.588" /></testsuite></testsuites>