<?xml version="1.0" encoding="utf-8"?><testsuites name="pytest tests"><testsuite name="pytest" errors="0" failures="0" skipped="0" tests="5" time="185.162" timestamp="2026-09-08T12:28:03.545643+00:00" hostname="agent-env-2114d271-5f81-4e58-ba2b-ed4528629e49"><testcase classname="tests.test_iteration_18" name="test_auth_offense_analysis" time="6.891" /><testcase classname="tests.test_iteration_18" name="test_proxy_offense_analysis" time="1.758" /><testcase classname="tests.test_iteration_18" name="test_firewall_permit_offense_analysis" time="1.675" /><testcase classname="tests.test_iteration_18" name="test_cti_regression" time="2.440" /><testcase classname="tests.test_iteration_18" name="test_uc00508_regression" time="172.067" /></testsuite></testsuites>