<?xml version="1.0" encoding="utf-8"?><testsuites name="pytest tests"><testsuite name="pytest" errors="0" failures="0" skipped="0" tests="17" time="18.063" timestamp="2026-09-07T08:52:27.194244+00:00" hostname="agent-env-fb32148b-626d-466d-b3ca-ad128f0a9f94"><testcase classname="tests.test_smoke_deploy" name="test_root_health" time="0.198" /><testcase classname="tests.test_smoke_deploy" name="test_admin_login" time="0.379" /><testcase classname="tests.test_smoke_deploy" name="test_analyst_login" time="0.338" /><testcase classname="tests.test_smoke_deploy" name="test_invalid_login" time="0.394" /><testcase classname="tests.test_smoke_deploy" name="test_clients_list" time="0.467" /><testcase classname="tests.test_smoke_deploy" name="test_offenses_list" time="0.151" /><testcase classname="tests.test_smoke_deploy" name="test_offense_detail" time="0.306" /><testcase classname="tests.test_smoke_deploy" name="test_tickets_list" time="0.126" /><testcase classname="tests.test_smoke_deploy" name="test_users_list" time="0.119" /><testcase classname="tests.test_smoke_deploy" name="test_audit_list" time="0.139" /><testcase classname="tests.test_smoke_deploy" name="test_knowledge_base" time="0.381" /><testcase classname="tests.test_smoke_deploy" name="test_settings_get" time="0.126" /><testcase classname="tests.test_smoke_deploy" name="test_vt_health" time="0.109" /><testcase classname="tests.test_smoke_deploy" name="test_vt_enrich_ip" time="0.552" /><testcase classname="tests.test_smoke_deploy" name="test_offense_investigate" time="13.809" /><testcase classname="tests.test_smoke_deploy" name="test_dashboard_metrics" time="0.156" /><testcase classname="tests.test_smoke_deploy" name="test_mongo_write_via_settings" time="0.238" /></testsuite></testsuites>